

*******************************************************************************
Mon Sep 24 22:18:41 2018


FIT:    data read from "tiempos_ordenacion.dat"
        format = z
        #datapoints = 60
        residuals are weighted equally (unit weight)

function used for fitting: f(x)
	f(x) = a*x**2 + b*x+c
fitted parameters initialized with current variable values

iter      chisq       delta/lim  lambda   a             b             c            
   0 9.4779953719e+18   0.00e+00  2.29e+08    1.000000e+00   1.000000e+00   1.000000e+00
  12 1.5880587884e-01  -2.59e-07  2.29e-04    3.452667e-09  -4.390160e-06   8.311582e-04

After 12 iterations the fit converged.
final sum of squares of residuals : 0.158806
rel. change during last iteration : -2.59176e-12

degrees of freedom    (FIT_NDF)                        : 57
rms of residuals      (FIT_STDFIT) = sqrt(WSSR/ndf)    : 0.0527832
variance of residuals (reduced chisquare) = WSSR/ndf   : 0.00278607

Final set of parameters            Asymptotic Standard Error
=======================            ==========================
a               = 3.45267e-09      +/- 1.017e-10    (2.944%)
b               = -4.39016e-06     +/- 3.12e-06     (71.07%)
c               = 0.000831158      +/- 0.02005      (2412%)

correlation matrix of the fit parameters:
                a      b      c      
a               1.000 
b              -0.968  1.000 
c               0.738 -0.861  1.000 


*******************************************************************************
Mon Oct  8 22:45:29 2018


FIT:    data read from "mejor.dat"
        format = z
        #datapoints = 60
        residuals are weighted equally (unit weight)

function used for fitting: m(x)
	m(x) = a*x*x + b*x + c
fitted parameters initialized with current variable values

iter      chisq       delta/lim  lambda   a             b             c            
   0 9.4779954093e+18   0.00e+00  2.29e+08    1.000000e+00   1.000000e+00   1.000000e+00
  12 3.3813510490e-03  -1.22e-05  2.29e-04    1.247416e-09   1.351835e-06  -2.208334e-03

After 12 iterations the fit converged.
final sum of squares of residuals : 0.00338135
rel. change during last iteration : -1.22417e-10

degrees of freedom    (FIT_NDF)                        : 57
rms of residuals      (FIT_STDFIT) = sqrt(WSSR/ndf)    : 0.00770207
variance of residuals (reduced chisquare) = WSSR/ndf   : 5.93219e-05

Final set of parameters            Asymptotic Standard Error
=======================            ==========================
a               = 1.24742e-09      +/- 1.483e-11    (1.189%)
b               = 1.35183e-06      +/- 4.553e-07    (33.68%)
c               = -0.00220833      +/- 0.002925     (132.5%)

correlation matrix of the fit parameters:
                a      b      c      
a               1.000 
b              -0.968  1.000 
c               0.738 -0.861  1.000 


*******************************************************************************
Mon Oct  8 22:46:32 2018


FIT:    data read from "peor.dat"
        format = z
        #datapoints = 60
        residuals are weighted equally (unit weight)

function used for fitting: p(x)
	p(x) = a*x*x + b*x + c
fitted parameters initialized with current variable values

iter      chisq       delta/lim  lambda   a             b             c            
   0 9.9053840442e+00   0.00e+00  2.87e-01    1.247416e-09   1.351835e-06  -2.208334e-03
   5 3.6070741187e-02  -1.67e-03  2.87e-06    2.442736e-09  -3.633811e-06   1.567579e-02

After 5 iterations the fit converged.
final sum of squares of residuals : 0.0360707
rel. change during last iteration : -1.66943e-08

degrees of freedom    (FIT_NDF)                        : 57
rms of residuals      (FIT_STDFIT) = sqrt(WSSR/ndf)    : 0.0251559
variance of residuals (reduced chisquare) = WSSR/ndf   : 0.00063282

Final set of parameters            Asymptotic Standard Error
=======================            ==========================
a               = 2.44274e-09      +/- 4.845e-11    (1.983%)
b               = -3.63381e-06     +/- 1.487e-06    (40.92%)
c               = 0.0156758        +/- 0.009554     (60.95%)

correlation matrix of the fit parameters:
                a      b      c      
a               1.000 
b              -0.968  1.000 
c               0.738 -0.861  1.000 


*******************************************************************************
Mon Oct  8 22:52:25 2018


FIT:    data read from "peor.dat"
        format = z
        #datapoints = 60
        residuals are weighted equally (unit weight)

function used for fitting: p(x)
	p(x) = a*x*x + b*x + c
fitted parameters initialized with current variable values

iter      chisq       delta/lim  lambda   a             b             c            
   0 9.4779953899e+18   0.00e+00  2.29e+08    1.000000e+00   1.000000e+00   1.000000e+00
  12 3.6070741187e-02  -1.11e-06  2.29e-04    2.442736e-09  -3.633811e-06   1.567579e-02

After 12 iterations the fit converged.
final sum of squares of residuals : 0.0360707
rel. change during last iteration : -1.1071e-11

degrees of freedom    (FIT_NDF)                        : 57
rms of residuals      (FIT_STDFIT) = sqrt(WSSR/ndf)    : 0.0251559
variance of residuals (reduced chisquare) = WSSR/ndf   : 0.00063282

Final set of parameters            Asymptotic Standard Error
=======================            ==========================
a               = 2.44274e-09      +/- 4.845e-11    (1.983%)
b               = -3.63381e-06     +/- 1.487e-06    (40.92%)
c               = 0.0156758        +/- 0.009554     (60.95%)

correlation matrix of the fit parameters:
                a      b      c      
a               1.000 
b              -0.968  1.000 
c               0.738 -0.861  1.000 


*******************************************************************************
Mon Oct  8 22:52:37 2018


FIT:    data read from "mejor.dat"
        format = z
        #datapoints = 60
        residuals are weighted equally (unit weight)

function used for fitting: m(x)
	m(x) = a*x*x + b*x + c
fitted parameters initialized with current variable values

iter      chisq       delta/lim  lambda   a             b             c            
   0 9.8726946540e+00   0.00e+00  5.62e-01    2.442736e-09  -3.633811e-06   1.567579e-02
   5 3.3813510490e-03  -2.14e-06  5.62e-06    1.247416e-09   1.351835e-06  -2.208334e-03

After 5 iterations the fit converged.
final sum of squares of residuals : 0.00338135
rel. change during last iteration : -2.1388e-11

degrees of freedom    (FIT_NDF)                        : 57
rms of residuals      (FIT_STDFIT) = sqrt(WSSR/ndf)    : 0.00770207
variance of residuals (reduced chisquare) = WSSR/ndf   : 5.93219e-05

Final set of parameters            Asymptotic Standard Error
=======================            ==========================
a               = 1.24742e-09      +/- 1.483e-11    (1.189%)
b               = 1.35183e-06      +/- 4.553e-07    (33.68%)
c               = -0.00220833      +/- 0.002925     (132.5%)

correlation matrix of the fit parameters:
                a      b      c      
a               1.000 
b              -0.968  1.000 
c               0.738 -0.861  1.000 


*******************************************************************************
Mon Oct  8 22:52:59 2018


FIT:    data read from "normal.dat"
        format = z
        #datapoints = 60
        residuals are weighted equally (unit weight)

function used for fitting: n(x)
	n(x) = a*x*x + b*x + c
fitted parameters initialized with current variable values

iter      chisq       delta/lim  lambda   a             b             c            
   0 3.2993122136e+01   0.00e+00  2.87e-01    1.247416e-09   1.351835e-06  -2.208334e-03
   5 1.8050052397e-02  -2.33e-03  2.87e-06    3.404133e-09  -6.243538e-06   1.148557e-02

After 5 iterations the fit converged.
final sum of squares of residuals : 0.0180501
rel. change during last iteration : -2.33229e-08

degrees of freedom    (FIT_NDF)                        : 57
rms of residuals      (FIT_STDFIT) = sqrt(WSSR/ndf)    : 0.0177952
variance of residuals (reduced chisquare) = WSSR/ndf   : 0.000316668

Final set of parameters            Asymptotic Standard Error
=======================            ==========================
a               = 3.40413e-09      +/- 3.427e-11    (1.007%)
b               = -6.24354e-06     +/- 1.052e-06    (16.85%)
c               = 0.0114856        +/- 0.006759     (58.84%)

correlation matrix of the fit parameters:
                a      b      c      
a               1.000 
b              -0.968  1.000 
c               0.738 -0.861  1.000 


*******************************************************************************
Mon Oct  8 23:08:01 2018


FIT:    data read from "mejor.dat"
        format = z
        #datapoints = 60
        residuals are weighted equally (unit weight)

function used for fitting: m(x)
	m(x) = a*x*x + b*x + c
fitted parameters initialized with current variable values

iter      chisq       delta/lim  lambda   a             b             c            
   0 9.4779954093e+18   0.00e+00  2.29e+08    1.000000e+00   1.000000e+00   1.000000e+00
  12 3.3813510490e-03  -1.22e-05  2.29e-04    1.247416e-09   1.351835e-06  -2.208334e-03

After 12 iterations the fit converged.
final sum of squares of residuals : 0.00338135
rel. change during last iteration : -1.22417e-10

degrees of freedom    (FIT_NDF)                        : 57
rms of residuals      (FIT_STDFIT) = sqrt(WSSR/ndf)    : 0.00770207
variance of residuals (reduced chisquare) = WSSR/ndf   : 5.93219e-05

Final set of parameters            Asymptotic Standard Error
=======================            ==========================
a               = 1.24742e-09      +/- 1.483e-11    (1.189%)
b               = 1.35183e-06      +/- 4.553e-07    (33.68%)
c               = -0.00220833      +/- 0.002925     (132.5%)

correlation matrix of the fit parameters:
                a      b      c      
a               1.000 
b              -0.968  1.000 
c               0.738 -0.861  1.000 


*******************************************************************************
Mon Oct  8 23:09:15 2018


FIT:    data read from "peor.dat"
        format = z
        #datapoints = 60
        residuals are weighted equally (unit weight)

function used for fitting: p(x)
	p(x) = a*x*x + b*x + c
fitted parameters initialized with current variable values

iter      chisq       delta/lim  lambda   a             b             c            
   0 9.9053840442e+00   0.00e+00  2.87e-01    1.247416e-09   1.351835e-06  -2.208334e-03
   5 3.6070741187e-02  -1.67e-03  2.87e-06    2.442736e-09  -3.633811e-06   1.567579e-02

After 5 iterations the fit converged.
final sum of squares of residuals : 0.0360707
rel. change during last iteration : -1.66943e-08

degrees of freedom    (FIT_NDF)                        : 57
rms of residuals      (FIT_STDFIT) = sqrt(WSSR/ndf)    : 0.0251559
variance of residuals (reduced chisquare) = WSSR/ndf   : 0.00063282

Final set of parameters            Asymptotic Standard Error
=======================            ==========================
a               = 2.44274e-09      +/- 4.845e-11    (1.983%)
b               = -3.63381e-06     +/- 1.487e-06    (40.92%)
c               = 0.0156758        +/- 0.009554     (60.95%)

correlation matrix of the fit parameters:
                a      b      c      
a               1.000 
b              -0.968  1.000 
c               0.738 -0.861  1.000 


*******************************************************************************
Mon Oct  8 23:11:38 2018


FIT:    data read from "peor.dat"
        format = z
        #datapoints = 60
        residuals are weighted equally (unit weight)

function used for fitting: p(x)
	p(x) = a*x*x + b*x + c
fitted parameters initialized with current variable values

iter      chisq       delta/lim  lambda   a             b             c            
   0 3.6070741187e-02   0.00e+00  5.62e-01    2.442736e-09  -3.633811e-06   1.567579e-02
   1 3.6070741187e-02  -5.19e-10  5.62e-02    2.442736e-09  -3.633811e-06   1.567579e-02

After 1 iterations the fit converged.
final sum of squares of residuals : 0.0360707
rel. change during last iteration : -5.19396e-15

degrees of freedom    (FIT_NDF)                        : 57
rms of residuals      (FIT_STDFIT) = sqrt(WSSR/ndf)    : 0.0251559
variance of residuals (reduced chisquare) = WSSR/ndf   : 0.00063282

Final set of parameters            Asymptotic Standard Error
=======================            ==========================
a               = 2.44274e-09      +/- 4.845e-11    (1.983%)
b               = -3.63381e-06     +/- 1.487e-06    (40.92%)
c               = 0.0156758        +/- 0.009554     (60.95%)

correlation matrix of the fit parameters:
                a      b      c      
a               1.000 
b              -0.968  1.000 
c               0.738 -0.861  1.000 


*******************************************************************************
Mon Oct  8 23:36:27 2018


FIT:    data read from "peor.dat"
        format = z
        #datapoints = 60
        residuals are weighted equally (unit weight)

function used for fitting: h(x)
	h(x)= k + x*k
fitted parameters initialized with current variable values



*******************************************************************************
Mon Oct  8 23:37:04 2018


FIT:    data read from "n.dat"
        format = z
        #datapoints = 60
        residuals are weighted equally (unit weight)

function used for fitting: h(x)
	h(x)= k + x*j
fitted parameters initialized with current variable values

iter      chisq       delta/lim  lambda   k             j            
   0 1.7731881943e+10   0.00e+00  1.22e+04    1.000000e+00   1.000000e+00
   8 9.4568478651e-09  -9.15e-05  1.22e-04    1.232372e-06   3.239122e-09

After 8 iterations the fit converged.
final sum of squares of residuals : 9.45685e-09
rel. change during last iteration : -9.14827e-10

degrees of freedom    (FIT_NDF)                        : 58
rms of residuals      (FIT_STDFIT) = sqrt(WSSR/ndf)    : 1.27691e-05
variance of residuals (reduced chisquare) = WSSR/ndf   : 1.63049e-10

Final set of parameters            Asymptotic Standard Error
=======================            ==========================
k               = 1.23237e-06      +/- 3.273e-06    (265.6%)
j               = 3.23912e-09      +/- 1.904e-10    (5.877%)

correlation matrix of the fit parameters:
                k      j      
k               1.000 
j              -0.864  1.000 
